<?xml version="1.0" encoding="UTF-8"?>
<!-- Generated by org.testng.reporters.JUnitReportReporter -->
<testsuite hostname="MyprogramC28" failures="0" tests="1" name="testing_Pack.SeleniumPracticeAssignment" time="23.400" errors="0" timestamp="2025-08-15T21:32:44 IST" skipped="0">
  <testcase classname="testing_Pack.SeleniumPracticeAssignment" name="purchaseProduct" time="23.400"/>
</testsuite> <!-- testing_Pack.SeleniumPracticeAssignment -->
