<?xml version="1.0" encoding="UTF-8"?>
<!-- Generated by org.testng.reporters.JUnitReportReporter -->
<testsuite hostname="MyprogramC28" failures="0" tests="6" name="testing_Pack.Assignment24" time="0.014" errors="0" timestamp="2025-08-18T12:48:11 IST" skipped="1">
  <testcase classname="testing_Pack.Assignment24" name="repeat" time="0.003"/>
  <testcase classname="testing_Pack.Assignment24" name="name" time="0.006"/>
  <testcase classname="testing_Pack.Assignment24" name="repeat" time="0.001"/>
  <testcase classname="testing_Pack.Assignment24" name="parameterr" time="0.003"/>
  <testcase classname="testing_Pack.Assignment24" name="repeat" time="0.001"/>
  <testcase classname="testing_Pack.Assignment24" name="address">
    <skipped/>
  </testcase> <!-- address -->
</testsuite> <!-- testing_Pack.Assignment24 -->
