<?xml version="1.0" encoding="UTF-8"?>
<!-- Generated by org.testng.reporters.JUnitReportReporter -->
<testsuite hostname="MyprogramC28" failures="0" tests="1" name="miniProjt.PageObject_eBay" time="6.191" errors="0" timestamp="2025-08-20T22:27:56 IST" skipped="0">
  <testcase classname="miniProjt.PageObject_eBay" name="login" time="6.191"/>
</testsuite> <!-- miniProjt.PageObject_eBay -->
