<?xml version="1.0" encoding="UTF-8"?>
<!-- Generated by org.testng.reporters.JUnitReportReporter -->
<testsuite hostname="MyprogramC28" failures="0" tests="1" name="testing_Pack.Tira_testNG" time="3.538" errors="0" timestamp="2025-08-18T08:06:43 IST" skipped="0">
  <testcase classname="testing_Pack.Tira_testNG" name="brands" time="3.538"/>
</testsuite> <!-- testing_Pack.Tira_testNG -->
