<?xml version="1.0" encoding="UTF-8"?>
<!-- Generated by org.testng.reporters.JUnitReportReporter -->
<testsuite hostname="MyprogramC28" failures="0" tests="1" name="testing_Pack.Ebay_testing" time="3.041" errors="0" timestamp="2025-08-13T12:24:19 IST" skipped="0">
  <testcase classname="testing_Pack.Ebay_testing" name="search2" time="3.041"/>
</testsuite> <!-- testing_Pack.Ebay_testing -->
