<?xml version="1.0" encoding="UTF-8"?>
<!-- Generated by org.testng.reporters.JUnitReportReporter -->
<testsuite hostname="MyprogramC28" failures="0" tests="3" name="testing_Pack.Cross_testing" time="24.098" errors="0" timestamp="2025-08-15T08:30:54 IST" skipped="0">
  <testcase classname="testing_Pack.Cross_testing" name="chromebrowser" time="6.456"/>
  <testcase classname="testing_Pack.Cross_testing" name="firefoxbrowser" time="10.669"/>
  <testcase classname="testing_Pack.Cross_testing" name="edgebrowser" time="6.973"/>
</testsuite> <!-- testing_Pack.Cross_testing -->
