<?xml version="1.0" encoding="UTF-8"?>
<!-- Generated by org.testng.reporters.JUnitReportReporter -->
<testsuite hostname="MyprogramC28" failures="0" tests="1" name="testing_Pack.Page_Object" time="2.970" errors="0" timestamp="2025-08-18T17:36:41 IST" skipped="0">
  <testcase classname="testing_Pack.Page_Object" name="testLogin" time="2.970"/>
</testsuite> <!-- testing_Pack.Page_Object -->
