<?xml version="1.0" encoding="UTF-8"?>
<!-- Generated by org.testng.reporters.JUnitReportReporter -->
<testsuite hostname="MyprogramC28" failures="0" tests="1" name="testing_Pack.WaitProgram" time="4.991" errors="0" timestamp="2025-08-14T16:53:55 IST" skipped="0">
  <testcase classname="testing_Pack.WaitProgram" name="openpage" time="4.991"/>
</testsuite> <!-- testing_Pack.WaitProgram -->
