<?xml version="1.0" encoding="UTF-8"?>
<!-- Generated by org.testng.reporters.JUnitReportReporter -->
<testsuite hostname="MyprogramC28" failures="0" tests="3" name="ttestpack2.ProviderData" time="0.020" errors="0" timestamp="2025-08-18T17:06:13 IST" skipped="0">
  <testcase classname="ttestpack2.ProviderData" name="login" time="0.003"/>
  <testcase classname="ttestpack2.ProviderData" name="login" time="0.004"/>
  <testcase classname="ttestpack2.ProviderData" name="login" time="0.013"/>
</testsuite> <!-- ttestpack2.ProviderData -->
