<?xml version="1.0" encoding="UTF-8"?>
<!-- Generated by org.testng.reporters.JUnitReportReporter -->
<testsuite hostname="MyprogramC28" failures="0" tests="1" name="testing_Pack.Explicit_wait" time="5.558" errors="0" timestamp="2025-08-14T16:46:12 IST" skipped="0">
  <testcase classname="testing_Pack.Explicit_wait" name="f" time="5.558"/>
</testsuite> <!-- testing_Pack.Explicit_wait -->
