<?xml version="1.0" encoding="UTF-8"?>
<!-- Generated by org.testng.reporters.JUnitReportReporter -->
<testsuite hostname="MyprogramC28" failures="0" tests="4" name="testing_Pack.ParallelTesting" time="25.735" errors="0" timestamp="2025-08-15T08:24:52 IST" skipped="0">
  <testcase classname="testing_Pack.ParallelTesting" name="flipkart" time="6.983"/>
  <testcase classname="testing_Pack.ParallelTesting" name="zerobank" time="10.583"/>
  <testcase classname="testing_Pack.ParallelTesting" name="amazon" time="5.536"/>
  <testcase classname="testing_Pack.ParallelTesting" name="eBay" time="2.633"/>
</testsuite> <!-- testing_Pack.ParallelTesting -->
