<?xml version="1.0" encoding="UTF-8"?>
<!-- Generated by org.testng.reporters.JUnitReportReporter -->
<testsuite hostname="MyprogramC28" failures="0" tests="2" name="ttestpack2.Assignment24" time="0.013" errors="0" timestamp="2025-08-18T16:09:14 IST" skipped="1">
  <testcase classname="ttestpack2.Assignment24" name="parameterr" time="0.013"/>
  <testcase classname="ttestpack2.Assignment24" name="address">
    <skipped/>
  </testcase> <!-- address -->
</testsuite> <!-- ttestpack2.Assignment24 -->
