<?xml version="1.0" encoding="UTF-8"?>
<!-- Generated by org.testng.reporters.JUnitReportReporter -->
<testsuite hostname="MyprogramC28" failures="0" tests="2" name="ttestpack2.Car" time="0.013" errors="0" timestamp="2025-08-18T14:34:08 IST" skipped="0">
  <testcase classname="ttestpack2.Car" name="move" time="0.011"/>
  <testcase classname="ttestpack2.Car" name="speed" time="0.002"/>
</testsuite> <!-- ttestpack2.Car -->
