<?xml version="1.0" encoding="UTF-8"?>
<!-- Generated by org.testng.reporters.JUnitReportReporter -->
<testsuite hostname="MyprogramC28" failures="0" tests="2" name="ttestpack2.testLogin" time="19.590" errors="0" timestamp="2025-08-18T17:18:47 IST" skipped="0">
  <testcase classname="ttestpack2.testLogin" name="logOut" time="12.902"/>
  <testcase classname="ttestpack2.testLogin" name="login" time="6.688"/>
</testsuite> <!-- ttestpack2.testLogin -->
