<?xml version="1.0" encoding="UTF-8"?>
<!-- Generated by org.testng.reporters.JUnitReportReporter -->
<testsuite hostname="MyprogramC28" failures="0" tests="1" name="testing_Pack.Assignment_AllActions" time="36.586" errors="0" timestamp="2025-08-15T13:53:22 IST" skipped="0">
  <testcase classname="testing_Pack.Assignment_AllActions" name="multiSelectDropdownTest" time="36.586"/>
</testsuite> <!-- testing_Pack.Assignment_AllActions -->
