<?xml version="1.0" encoding="UTF-8"?>
<!-- Generated by org.testng.reporters.JUnitReportReporter -->
<testsuite hostname="MyprogramC28" failures="0" tests="5" name="ttestpack2.Searches" time="15.116" errors="0" timestamp="2025-08-18T16:40:13 IST" skipped="1">
  <testcase classname="ttestpack2.Searches" name="repeat" time="7.024"/>
  <testcase classname="ttestpack2.Searches" name="repeat" time="4.660"/>
  <testcase classname="ttestpack2.Searches" name="repeat" time="3.420"/>
  <testcase classname="ttestpack2.Searches" name="name" time="0.012"/>
  <testcase classname="ttestpack2.Searches" name="address">
    <skipped/>
  </testcase> <!-- address -->
</testsuite> <!-- ttestpack2.Searches -->
